Determining if the pthread_create exist failed with the following output:
Change Dir: /home/pi/Desktop/slam/build/CMakeFiles/CMakeTmp

Run Build Command:"/usr/bin/make" "cmTC_2a6c9/fast"
/usr/bin/make -f CMakeFiles/cmTC_2a6c9.dir/build.make CMakeFiles/cmTC_2a6c9.dir/build
make[1]: Entering directory '/home/pi/Desktop/slam/build/CMakeFiles/CMakeTmp'
Building C object CMakeFiles/cmTC_2a6c9.dir/CheckSymbolExists.c.o
/usr/bin/cc     -o CMakeFiles/cmTC_2a6c9.dir/CheckSymbolExists.c.o   -c /home/pi/Desktop/slam/build/CMakeFiles/CMakeTmp/CheckSymbolExists.c
Linking C executable cmTC_2a6c9
/usr/bin/cmake -E cmake_link_script CMakeFiles/cmTC_2a6c9.dir/link.txt --verbose=1
/usr/bin/cc       CMakeFiles/cmTC_2a6c9.dir/CheckSymbolExists.c.o  -o cmTC_2a6c9 -rdynamic 
CMakeFiles/cmTC_2a6c9.dir/CheckSymbolExists.c.o: In function `main':
CheckSymbolExists.c:(.text+0x38): undefined reference to `pthread_create'
collect2: error: ld returned 1 exit status
CMakeFiles/cmTC_2a6c9.dir/build.make:97: recipe for target 'cmTC_2a6c9' failed
make[1]: *** [cmTC_2a6c9] Error 1
make[1]: Leaving directory '/home/pi/Desktop/slam/build/CMakeFiles/CMakeTmp'
Makefile:126: recipe for target 'cmTC_2a6c9/fast' failed
make: *** [cmTC_2a6c9/fast] Error 2

File /home/pi/Desktop/slam/build/CMakeFiles/CMakeTmp/CheckSymbolExists.c:
/* */
#include <pthread.h>

int main(int argc, char** argv)
{
  (void)argv;
#ifndef pthread_create
  return ((int*)(&pthread_create))[argc];
#else
  (void)argc;
  return 0;
#endif
}

Determining if the function pthread_create exists in the pthreads failed with the following output:
Change Dir: /home/pi/Desktop/slam/build/CMakeFiles/CMakeTmp

Run Build Command:"/usr/bin/make" "cmTC_c63a9/fast"
/usr/bin/make -f CMakeFiles/cmTC_c63a9.dir/build.make CMakeFiles/cmTC_c63a9.dir/build
make[1]: Entering directory '/home/pi/Desktop/slam/build/CMakeFiles/CMakeTmp'
Building C object CMakeFiles/cmTC_c63a9.dir/CheckFunctionExists.c.o
/usr/bin/cc    -DCHECK_FUNCTION_EXISTS=pthread_create   -o CMakeFiles/cmTC_c63a9.dir/CheckFunctionExists.c.o   -c /usr/share/cmake-3.7/Modules/CheckFunctionExists.c
Linking C executable cmTC_c63a9
/usr/bin/cmake -E cmake_link_script CMakeFiles/cmTC_c63a9.dir/link.txt --verbose=1
/usr/bin/cc   -DCHECK_FUNCTION_EXISTS=pthread_create    CMakeFiles/cmTC_c63a9.dir/CheckFunctionExists.c.o  -o cmTC_c63a9 -rdynamic -lpthreads 
/usr/bin/ld: cannot find -lpthreads
collect2: error: ld returned 1 exit status
CMakeFiles/cmTC_c63a9.dir/build.make:97: recipe for target 'cmTC_c63a9' failed
make[1]: *** [cmTC_c63a9] Error 1
make[1]: Leaving directory '/home/pi/Desktop/slam/build/CMakeFiles/CMakeTmp'
Makefile:126: recipe for target 'cmTC_c63a9/fast' failed
make: *** [cmTC_c63a9/fast] Error 2


Determining if the Q_WS_WIN exist failed with the following output:
Change Dir: /home/pi/Desktop/slam/build/CMakeFiles/CMakeTmp

Run Build Command:"/usr/bin/make" "cmTC_6a459/fast"
/usr/bin/make -f CMakeFiles/cmTC_6a459.dir/build.make CMakeFiles/cmTC_6a459.dir/build
make[1]: Entering directory '/home/pi/Desktop/slam/build/CMakeFiles/CMakeTmp'
Building CXX object CMakeFiles/cmTC_6a459.dir/CheckSymbolExists.cxx.o
/usr/bin/c++    -I/usr/include/qt4   -o CMakeFiles/cmTC_6a459.dir/CheckSymbolExists.cxx.o -c /home/pi/Desktop/slam/build/CMakeFiles/CMakeTmp/CheckSymbolExists.cxx
/home/pi/Desktop/slam/build/CMakeFiles/CMakeTmp/CheckSymbolExists.cxx: In function ‘int main(int, char**)’:
/home/pi/Desktop/slam/build/CMakeFiles/CMakeTmp/CheckSymbolExists.cxx:8:19: error: ‘Q_WS_WIN’ was not declared in this scope
   return ((int*)(&Q_WS_WIN))[argc];
                   ^~~~~~~~
CMakeFiles/cmTC_6a459.dir/build.make:65: recipe for target 'CMakeFiles/cmTC_6a459.dir/CheckSymbolExists.cxx.o' failed
make[1]: *** [CMakeFiles/cmTC_6a459.dir/CheckSymbolExists.cxx.o] Error 1
make[1]: Leaving directory '/home/pi/Desktop/slam/build/CMakeFiles/CMakeTmp'
Makefile:126: recipe for target 'cmTC_6a459/fast' failed
make: *** [cmTC_6a459/fast] Error 2

File /home/pi/Desktop/slam/build/CMakeFiles/CMakeTmp/CheckSymbolExists.cxx:
/* */
#include <QtCore/qglobal.h>

int main(int argc, char** argv)
{
  (void)argv;
#ifndef Q_WS_WIN
  return ((int*)(&Q_WS_WIN))[argc];
#else
  (void)argc;
  return 0;
#endif
}

Determining if the Q_WS_QWS exist failed with the following output:
Change Dir: /home/pi/Desktop/slam/build/CMakeFiles/CMakeTmp

Run Build Command:"/usr/bin/make" "cmTC_167fd/fast"
/usr/bin/make -f CMakeFiles/cmTC_167fd.dir/build.make CMakeFiles/cmTC_167fd.dir/build
make[1]: Entering directory '/home/pi/Desktop/slam/build/CMakeFiles/CMakeTmp'
Building CXX object CMakeFiles/cmTC_167fd.dir/CheckSymbolExists.cxx.o
/usr/bin/c++    -I/usr/include/qt4   -o CMakeFiles/cmTC_167fd.dir/CheckSymbolExists.cxx.o -c /home/pi/Desktop/slam/build/CMakeFiles/CMakeTmp/CheckSymbolExists.cxx
/home/pi/Desktop/slam/build/CMakeFiles/CMakeTmp/CheckSymbolExists.cxx: In function ‘int main(int, char**)’:
/home/pi/Desktop/slam/build/CMakeFiles/CMakeTmp/CheckSymbolExists.cxx:8:19: error: ‘Q_WS_QWS’ was not declared in this scope
   return ((int*)(&Q_WS_QWS))[argc];
                   ^~~~~~~~
CMakeFiles/cmTC_167fd.dir/build.make:65: recipe for target 'CMakeFiles/cmTC_167fd.dir/CheckSymbolExists.cxx.o' failed
make[1]: *** [CMakeFiles/cmTC_167fd.dir/CheckSymbolExists.cxx.o] Error 1
make[1]: Leaving directory '/home/pi/Desktop/slam/build/CMakeFiles/CMakeTmp'
Makefile:126: recipe for target 'cmTC_167fd/fast' failed
make: *** [cmTC_167fd/fast] Error 2

File /home/pi/Desktop/slam/build/CMakeFiles/CMakeTmp/CheckSymbolExists.cxx:
/* */
#include <QtCore/qglobal.h>

int main(int argc, char** argv)
{
  (void)argv;
#ifndef Q_WS_QWS
  return ((int*)(&Q_WS_QWS))[argc];
#else
  (void)argc;
  return 0;
#endif
}

Determining if the Q_WS_MAC exist failed with the following output:
Change Dir: /home/pi/Desktop/slam/build/CMakeFiles/CMakeTmp

Run Build Command:"/usr/bin/make" "cmTC_a872f/fast"
/usr/bin/make -f CMakeFiles/cmTC_a872f.dir/build.make CMakeFiles/cmTC_a872f.dir/build
make[1]: Entering directory '/home/pi/Desktop/slam/build/CMakeFiles/CMakeTmp'
Building CXX object CMakeFiles/cmTC_a872f.dir/CheckSymbolExists.cxx.o
/usr/bin/c++    -I/usr/include/qt4   -o CMakeFiles/cmTC_a872f.dir/CheckSymbolExists.cxx.o -c /home/pi/Desktop/slam/build/CMakeFiles/CMakeTmp/CheckSymbolExists.cxx
/home/pi/Desktop/slam/build/CMakeFiles/CMakeTmp/CheckSymbolExists.cxx: In function ‘int main(int, char**)’:
/home/pi/Desktop/slam/build/CMakeFiles/CMakeTmp/CheckSymbolExists.cxx:8:19: error: ‘Q_WS_MAC’ was not declared in this scope
   return ((int*)(&Q_WS_MAC))[argc];
                   ^~~~~~~~
CMakeFiles/cmTC_a872f.dir/build.make:65: recipe for target 'CMakeFiles/cmTC_a872f.dir/CheckSymbolExists.cxx.o' failed
make[1]: *** [CMakeFiles/cmTC_a872f.dir/CheckSymbolExists.cxx.o] Error 1
make[1]: Leaving directory '/home/pi/Desktop/slam/build/CMakeFiles/CMakeTmp'
Makefile:126: recipe for target 'cmTC_a872f/fast' failed
make: *** [cmTC_a872f/fast] Error 2

File /home/pi/Desktop/slam/build/CMakeFiles/CMakeTmp/CheckSymbolExists.cxx:
/* */
#include <QtCore/qglobal.h>

int main(int argc, char** argv)
{
  (void)argv;
#ifndef Q_WS_MAC
  return ((int*)(&Q_WS_MAC))[argc];
#else
  (void)argc;
  return 0;
#endif
}

