Determining if the pthread_create exist failed with the following output:
Change Dir: /home/cj/Desktop/slam/build/CMakeFiles/CMakeTmp

Run Build Command:"/usr/bin/make" "cmTC_72a09/fast"
/usr/bin/make -f CMakeFiles/cmTC_72a09.dir/build.make CMakeFiles/cmTC_72a09.dir/build
make[1]: Entering directory '/home/cj/Desktop/slam/build/CMakeFiles/CMakeTmp'
Building C object CMakeFiles/cmTC_72a09.dir/CheckSymbolExists.c.o
/usr/bin/cc     -o CMakeFiles/cmTC_72a09.dir/CheckSymbolExists.c.o   -c /home/cj/Desktop/slam/build/CMakeFiles/CMakeTmp/CheckSymbolExists.c
Linking C executable cmTC_72a09
/usr/bin/cmake -E cmake_link_script CMakeFiles/cmTC_72a09.dir/link.txt --verbose=1
/usr/bin/cc       CMakeFiles/cmTC_72a09.dir/CheckSymbolExists.c.o  -o cmTC_72a09 -rdynamic 
CMakeFiles/cmTC_72a09.dir/CheckSymbolExists.c.o: In function `main':
CheckSymbolExists.c:(.text+0xa): undefined reference to `pthread_create'
collect2: error: ld returned 1 exit status
CMakeFiles/cmTC_72a09.dir/build.make:97: recipe for target 'cmTC_72a09' failed
make[1]: *** [cmTC_72a09] Error 1
make[1]: Leaving directory '/home/cj/Desktop/slam/build/CMakeFiles/CMakeTmp'
Makefile:126: recipe for target 'cmTC_72a09/fast' failed
make: *** [cmTC_72a09/fast] Error 2

File /home/cj/Desktop/slam/build/CMakeFiles/CMakeTmp/CheckSymbolExists.c:
/* */
#include <pthread.h>

int main(int argc, char** argv)
{
  (void)argv;
#ifndef pthread_create
  return ((int*)(&pthread_create))[argc];
#else
  (void)argc;
  return 0;
#endif
}

Determining if the function pthread_create exists in the pthreads failed with the following output:
Change Dir: /home/cj/Desktop/slam/build/CMakeFiles/CMakeTmp

Run Build Command:"/usr/bin/make" "cmTC_994ce/fast"
/usr/bin/make -f CMakeFiles/cmTC_994ce.dir/build.make CMakeFiles/cmTC_994ce.dir/build
make[1]: Entering directory '/home/cj/Desktop/slam/build/CMakeFiles/CMakeTmp'
Building C object CMakeFiles/cmTC_994ce.dir/CheckFunctionExists.c.o
/usr/bin/cc    -DCHECK_FUNCTION_EXISTS=pthread_create   -o CMakeFiles/cmTC_994ce.dir/CheckFunctionExists.c.o   -c /usr/share/cmake-3.5/Modules/CheckFunctionExists.c
Linking C executable cmTC_994ce
/usr/bin/cmake -E cmake_link_script CMakeFiles/cmTC_994ce.dir/link.txt --verbose=1
/usr/bin/cc   -DCHECK_FUNCTION_EXISTS=pthread_create    CMakeFiles/cmTC_994ce.dir/CheckFunctionExists.c.o  -o cmTC_994ce -rdynamic -lpthreads 
/usr/bin/ld: cannot find -lpthreads
collect2: error: ld returned 1 exit status
CMakeFiles/cmTC_994ce.dir/build.make:97: recipe for target 'cmTC_994ce' failed
make[1]: *** [cmTC_994ce] Error 1
make[1]: Leaving directory '/home/cj/Desktop/slam/build/CMakeFiles/CMakeTmp'
Makefile:126: recipe for target 'cmTC_994ce/fast' failed
make: *** [cmTC_994ce/fast] Error 2


